Lab/app/build/intermediates/manifest_merge_blame_file/debug/manifest-merger-blame-debug-report.txt
1<?xml version="1.0" encoding="utf-8"?>
2<manifest xmlns:android="http://schemas.android.com/apk/res/android"
3    package="com.livbogdan.lab"
4    android:versionCode="1"
5    android:versionName="1.0" >
6
7    <uses-sdk
8        android:minSdkVersion="25"
8-->src/main/AndroidManifest.xml
9        android:targetSdkVersion="33" />
9-->src/main/AndroidManifest.xml
10
11    <permission
11-->[androidx.core:core:1.9.0] AndroidManifest.xml:22:5-24:47
12        android:name="com.livbogdan.lab.DYNAMIC_RECEIVER_NOT_EXPORTED_PERMISSION"
12-->[androidx.core:core:1.9.0] AndroidManifest.xml:23:9-81
13        android:protectionLevel="signature" />
13-->[androidx.core:core:1.9.0] AndroidManifest.xml:24:9-44
14
15    <uses-permission android:name="com.livbogdan.lab.DYNAMIC_RECEIVER_NOT_EXPORTED_PERMISSION" />
15-->[androidx.core:core:1.9.0] AndroidManifest.xml:26:5-97
15-->[androidx.core:core:1.9.0] AndroidManifest.xml:26:22-94
16
17    <application
17-->src/main/AndroidManifest.xml:5:5-41:19
18        android:allowBackup="true"
18-->src/main/AndroidManifest.xml:6:9-35
19        android:appComponentFactory="androidx.core.app.CoreComponentFactory"
19-->[androidx.core:core:1.9.0] AndroidManifest.xml:28:18-86
20        android:dataExtractionRules="@xml/data_extraction_rules"
20-->src/main/AndroidManifest.xml:7:9-65
21        android:debuggable="true"
22        android:extractNativeLibs="false"
23        android:fullBackupContent="@xml/backup_rules"
23-->src/main/AndroidManifest.xml:8:9-54
24        android:icon="@drawable/icon"
24-->src/main/AndroidManifest.xml:9:9-38
25        android:label="@string/app_name"
25-->src/main/AndroidManifest.xml:10:9-41
26        android:supportsRtl="true"
26-->src/main/AndroidManifest.xml:11:9-35
27        android:testOnly="true"
28        android:theme="@style/Theme.Lab" >
28-->src/main/AndroidManifest.xml:12:9-41
29        <activity
29-->src/main/AndroidManifest.xml:14:9-16:40
30            android:name="com.livbogdan.lab.AboutActivity"
30-->src/main/AndroidManifest.xml:15:13-42
31            android:exported="false" />
31-->src/main/AndroidManifest.xml:16:13-37
32        <activity
32-->src/main/AndroidManifest.xml:17:9-20:52
33            android:name="com.livbogdan.lab.ChampionsActivity"
33-->src/main/AndroidManifest.xml:18:13-46
34            android:exported="false"
34-->src/main/AndroidManifest.xml:19:13-37
35            android:screenOrientation="portrait" />
35-->src/main/AndroidManifest.xml:20:13-49
36        <activity
36-->src/main/AndroidManifest.xml:21:9-26:60
37            android:name="com.livbogdan.lab.Login_Activity"
37-->src/main/AndroidManifest.xml:22:13-43
38            android:exported="false"
38-->src/main/AndroidManifest.xml:23:13-37
39            android:label="@string/title_activity_login"
39-->src/main/AndroidManifest.xml:24:13-57
40            android:screenOrientation="portrait"
40-->src/main/AndroidManifest.xml:25:13-49
41            android:theme="@style/Theme.Lab.NoActionBar" />
41-->src/main/AndroidManifest.xml:26:13-57
42        <activity
42-->src/main/AndroidManifest.xml:27:9-30:52
43            android:name="com.livbogdan.lab.Sign_Activity"
43-->src/main/AndroidManifest.xml:28:13-42
44            android:exported="false"
44-->src/main/AndroidManifest.xml:29:13-37
45            android:screenOrientation="portrait" />
45-->src/main/AndroidManifest.xml:30:13-49
46        <activity
46-->src/main/AndroidManifest.xml:31:9-40:20
47            android:name="com.livbogdan.lab.MainActivity"
47-->src/main/AndroidManifest.xml:32:13-41
48            android:exported="true"
48-->src/main/AndroidManifest.xml:33:13-36
49            android:screenOrientation="portrait" >
49-->src/main/AndroidManifest.xml:34:13-49
50            <intent-filter>
50-->src/main/AndroidManifest.xml:35:13-39:29
51                <action android:name="android.intent.action.MAIN" />
51-->src/main/AndroidManifest.xml:36:17-69
51-->src/main/AndroidManifest.xml:36:25-66
52
53                <category android:name="android.intent.category.LAUNCHER" />
53-->src/main/AndroidManifest.xml:38:17-77
53-->src/main/AndroidManifest.xml:38:27-74
54            </intent-filter>
55        </activity>
56
57        <uses-library
57-->[androidx.window:window:1.0.0] AndroidManifest.xml:25:9-27:40
58            android:name="androidx.window.extensions"
58-->[androidx.window:window:1.0.0] AndroidManifest.xml:26:13-54
59            android:required="false" />
59-->[androidx.window:window:1.0.0] AndroidManifest.xml:27:13-37
60        <uses-library
60-->[androidx.window:window:1.0.0] AndroidManifest.xml:28:9-30:40
61            android:name="androidx.window.sidecar"
61-->[androidx.window:window:1.0.0] AndroidManifest.xml:29:13-51
62            android:required="false" />
62-->[androidx.window:window:1.0.0] AndroidManifest.xml:30:13-37
63
64        <provider
64-->[androidx.emoji2:emoji2:1.2.0] AndroidManifest.xml:24:9-32:20
65            android:name="androidx.startup.InitializationProvider"
65-->[androidx.emoji2:emoji2:1.2.0] AndroidManifest.xml:25:13-67
66            android:authorities="com.livbogdan.lab.androidx-startup"
66-->[androidx.emoji2:emoji2:1.2.0] AndroidManifest.xml:26:13-68
67            android:exported="false" >
67-->[androidx.emoji2:emoji2:1.2.0] AndroidManifest.xml:27:13-37
68            <meta-data
68-->[androidx.emoji2:emoji2:1.2.0] AndroidManifest.xml:29:13-31:52
69                android:name="androidx.emoji2.text.EmojiCompatInitializer"
69-->[androidx.emoji2:emoji2:1.2.0] AndroidManifest.xml:30:17-75
70                android:value="androidx.startup" />
70-->[androidx.emoji2:emoji2:1.2.0] AndroidManifest.xml:31:17-49
71            <meta-data
71-->[androidx.lifecycle:lifecycle-process:2.4.1] AndroidManifest.xml:31:13-33:52
72                android:name="androidx.lifecycle.ProcessLifecycleInitializer"
72-->[androidx.lifecycle:lifecycle-process:2.4.1] AndroidManifest.xml:32:17-78
73                android:value="androidx.startup" />
73-->[androidx.lifecycle:lifecycle-process:2.4.1] AndroidManifest.xml:33:17-49
74        </provider>
75    </application>
76
77</manifest>